2025-12-09 15:27:47, MOVE, v:1, k:poo@estacionamento, mode:BACK
2025-12-09 15:28:11, MOVE, v:1, k:poo@estacionamento, mode:DOWN
2025-12-09 15:28:29, MOVE, v:1, k:poo@estacionamento, mode:PICK
2025-12-09 15:28:31, EXEC, v:1, k:poo@estacionamento, mode:FULL, rate:0, size:0
2025-12-09 15:28:32, EXEC, v:1, k:poo@estacionamento, mode:FULL, rate:0
2025-12-09 15:28:33, MOVE, v:1, k:poo@estacionamento, mode:BACK
2025-12-09 15:28:38, MOVE, v:1, k:poo@estacionamento, mode:PICK
2025-12-09 15:28:40, EXEC, v:1, k:poo@estacionamento, mode:FULL, rate:0
2025-12-09 15:28:55, MOVE, v:1, k:poo@estacionamento, mode:BACK
2025-12-09 15:48:18, MOVE, v:1, k:poo@estacionamento, mode:PICK
2025-12-09 15:48:20, EXEC, v:1, k:poo@estacionamento, mode:FULL, rate:0, size:119
2025-12-09 15:52:11, EXEC, v:1, k:poo@estacionamento, mode:FULL, rate:100, size:129
2025-12-09 15:52:15, MOVE, v:1, k:poo@estacionamento, mode:BACK
2025-12-09 15:52:54, MOVE, v:1, k:poo@estacionamento, mode:PICK
2025-12-09 15:52:56, EXEC, v:1, k:poo@estacionamento, mode:FULL, rate:0, size:0
2025-12-09 15:52:56, MOVE, v:1, k:poo@estacionamento, mode:BACK
2025-12-09 15:53:46, MOVE, v:1, k:poo@estacionamento, mode:DOWN
2025-12-09 15:53:46, MOVE, v:1, k:poo@estacionamento, mode:PICK
2025-12-09 15:53:48, EXEC, v:1, k:poo@estacionamento, mode:FULL, rate:0
2025-12-09 15:53:49, MOVE, v:1, k:poo@estacionamento, mode:BACK
2025-12-09 16:55:24, MOVE, v:1, k:poo@estacionamento, mode:PICK
2025-12-09 16:55:26, EXEC, v:1, k:poo@estacionamento, mode:FULL, rate:0, size:59
2025-12-09 16:55:27, MOVE, v:1, k:poo@estacionamento, mode:BACK
